<?xml version="1.0" encoding="UTF-8"?>
<!-- Generated by org.testng.reporters.JUnitReportReporter -->
<testsuite hostname="ANNA-PC" name="WebdriverPro.web.tests.DataProviderClassTest" tests="5" failures="0" timestamp="20 Aug 2015 15:12:06 GMT" time="90.451" errors="0">
  <testcase name="testDataProviderInTestMethod" time="16.075" classname="WebdriverPro.web.tests.DataProviderClassTest"/>
  <testcase name="testDataProviderInTest" time="23.756" classname="WebdriverPro.web.tests.DataProviderClassTest"/>
  <testcase name="testDataProviderInTestMethod" time="18.408" classname="WebdriverPro.web.tests.DataProviderClassTest"/>
  <testcase name="testDataProviderInTest" time="15.901" classname="WebdriverPro.web.tests.DataProviderClassTest"/>
  <testcase name="testDataProviderInTestMethod" time="16.311" classname="WebdriverPro.web.tests.DataProviderClassTest"/>
</testsuite> <!-- WebdriverPro.web.tests.DataProviderClassTest -->
