<?xml version="1.0" encoding="UTF-8"?>
<!-- Generated by org.testng.reporters.JUnitReportReporter -->
<testsuite skipped="0" hostname="LAPTOP-9DRM29DE" name="WebdriverPro.web.tests.testNGpackage.RegisterUserTest" tests="2" failures="0" timestamp="20 Sep 2018 20:15:00 GMT" time="0.002" errors="0">
  <testcase name="registerWithExistingUser" time="0.001" classname="WebdriverPro.web.tests.testNGpackage.RegisterUserTest"/>
  <testcase name="createNewUser" time="0.001" classname="WebdriverPro.web.tests.testNGpackage.RegisterUserTest"/>
</testsuite> <!-- WebdriverPro.web.tests.testNGpackage.RegisterUserTest -->
