<?xml version="1.0" encoding="UTF-8"?>
<!-- Generated by org.testng.reporters.JUnitReportReporter -->
<testsuite skipped="1" hostname="LAPTOP-9DRM29DE" name="WebdriverPro.web.tests.LoginTest" tests="3" failures="0" timestamp="02 Sep 2018 12:34:57 GMT" time="19.628" errors="0">
  <testcase name="test2" time="12.299" classname="WebdriverPro.web.tests.LoginTest"/>
  <testcase name="verifyHomePage" time="7.329" classname="WebdriverPro.web.tests.LoginTest"/>
  <testcase name="test3" classname="WebdriverPro.web.tests.LoginTest">
    <skipped/>
  </testcase> <!-- test3 -->
</testsuite> <!-- WebdriverPro.web.tests.LoginTest -->
