<?xml version="1.0" encoding="UTF-8"?>
<!-- Generated by org.testng.reporters.JUnitReportReporter -->
<testsuite skipped="0" hostname="LAPTOP-9DRM29DE" name="WebdriverPro.web.tests.testNGpackage.UserTypeTests" tests="4" failures="0" timestamp="20 Sep 2018 20:15:00 GMT" time="0.006" errors="0">
  <testcase name="adminUserTest" time="0.001" classname="WebdriverPro.web.tests.testNGpackage.UserTypeTests"/>
  <testcase name="freeUserTest" time="0.002" classname="WebdriverPro.web.tests.testNGpackage.UserTypeTests"/>
  <testcase name="premiumUserTest" time="0.002" classname="WebdriverPro.web.tests.testNGpackage.UserTypeTests"/>
  <testcase name="guestUserTest" time="0.001" classname="WebdriverPro.web.tests.testNGpackage.UserTypeTests"/>
</testsuite> <!-- WebdriverPro.web.tests.testNGpackage.UserTypeTests -->
