<?xml version="1.0" encoding="UTF-8"?>
<!-- Generated by org.testng.reporters.JUnitReportReporter -->
<testsuite hostname="ANNA-PC" name="WebdriverPro.web.tests.LoginTest" tests="2" failures="0" timestamp="21 Aug 2015 16:47:50 GMT" time="32.129" errors="0">
  <testcase name="test2" time="17.116" classname="WebdriverPro.web.tests.LoginTest"/>
  <testcase name="verifyHomePage" time="15.013" classname="WebdriverPro.web.tests.LoginTest"/>
</testsuite> <!-- WebdriverPro.web.tests.LoginTest -->
