<?xml version="1.0" encoding="UTF-8"?>
<!-- Generated by org.testng.reporters.JUnitReportReporter -->
<testsuite hostname="ANNA-PC" name="WebdriverPro.web.tests.DataProviderClassTest" tests="5" failures="0" timestamp="8 Aug 2015 08:18:25 GMT" time="250.533" errors="0">
  <testcase name="testDataProviderInTest" time="50.385" classname="WebdriverPro.web.tests.DataProviderClassTest"/>
  <testcase name="testDataProviderInTestMethod" time="46.377" classname="WebdriverPro.web.tests.DataProviderClassTest"/>
  <testcase name="testDataProviderInTestMethod" time="71.199" classname="WebdriverPro.web.tests.DataProviderClassTest"/>
  <testcase name="testDataProviderInTestMethod" time="56.060" classname="WebdriverPro.web.tests.DataProviderClassTest"/>
  <testcase name="testDataProviderInTest" time="26.512" classname="WebdriverPro.web.tests.DataProviderClassTest"/>
</testsuite> <!-- WebdriverPro.web.tests.DataProviderClassTest -->
