<?xml version="1.0" encoding="UTF-8"?>
<!-- Generated by org.testng.reporters.JUnitReportReporter -->
<testsuite hostname="ANNA-PC" name="WebdriverPro.web.tests.ParameterTestNG" tests="1" failures="0" timestamp="10 Aug 2015 15:03:09 GMT" time="15.895" errors="0">
  <testcase name="verifyTestNGParameters" time="15.895" classname="WebdriverPro.web.tests.ParameterTestNG"/>
</testsuite> <!-- WebdriverPro.web.tests.ParameterTestNG -->
