<?xml version="1.0" encoding="UTF-8"?>
<!-- Generated by org.testng.reporters.JUnitReportReporter -->
<testsuite hostname="ANNA-PC" name="WebdriverPro.web.tests.LoginTest" tests="2" failures="0" timestamp="14 Aug 2015 16:23:58 GMT" time="31.159" errors="0">
  <testcase name="test2" time="17.556" classname="WebdriverPro.web.tests.LoginTest"/>
  <testcase name="verifyHomePage" time="13.603" classname="WebdriverPro.web.tests.LoginTest"/>
</testsuite> <!-- WebdriverPro.web.tests.LoginTest -->
