<?xml version="1.0" encoding="UTF-8"?>
<!-- Generated by org.testng.reporters.JUnitReportReporter -->
<testsuite skipped="1" hostname="LAPTOP-9DRM29DE" name="WebdriverPro.web.tests.LoginTest" tests="3" failures="0" timestamp="02 Sep 2018 13:00:11 GMT" time="12.232" errors="0">
  <testcase name="test2" time="5.903" classname="WebdriverPro.web.tests.LoginTest"/>
  <testcase name="verifyHomePage" time="6.329" classname="WebdriverPro.web.tests.LoginTest"/>
  <testcase name="test3" classname="WebdriverPro.web.tests.LoginTest">
    <skipped/>
  </testcase> <!-- test3 -->
</testsuite> <!-- WebdriverPro.web.tests.LoginTest -->
