<?xml version="1.0" encoding="UTF-8"?>
<!-- Generated by org.testng.reporters.JUnitReportReporter -->
<testsuite hostname="ANNA-PC" name="WebdriverPro.web.Script" tests="1" failures="0" timestamp="23 Jul 2015 18:02:14 GMT" time="20.907" errors="0">
  <testcase name="testCase" time="20.907" classname="WebdriverPro.web.Script"/>
</testsuite> <!-- WebdriverPro.web.Script -->
