<?xml version="1.0" encoding="UTF-8"?>
<testsuite name="TestSuite" time="20.907" tests="1" errors="0" skipped="0" failures="0">
  <properties>
    <property name="java.vendor" value="Oracle Corporation"/>
    <property name="JOB_NAME" value="webdriverProject"/>
    <property name="sun.java.launcher" value="SUN_STANDARD"/>
    <property name="NUMBER_OF_PROCESSORS" value="4"/>
    <property name="sun.management.compiler" value="HotSpot 64-Bit Tiered Compilers"/>
    <property name="JENKINS_HOME" value="C:\Users\ANNA\.jenkins"/>
    <property name="HUDSON_SERVER_COOKIE" value="e44463cc166d01cd"/>
    <property name="POM_ARTIFACTID" value="web"/>
    <property name="os.name" value="Windows 8"/>
    <property name="sun.boot.class.path" value="C:\Program Files\Java\jdk1.7.0_79\jre\lib\resources.jar;C:\Program Files\Java\jdk1.7.0_79\jre\lib\rt.jar;C:\Program Files\Java\jdk1.7.0_79\jre\lib\sunrsasign.jar;C:\Program Files\Java\jdk1.7.0_79\jre\lib\jsse.jar;C:\Program Files\Java\jdk1.7.0_79\jre\lib\jce.jar;C:\Program Files\Java\jdk1.7.0_79\jre\lib\charsets.jar;C:\Program Files\Java\jdk1.7.0_79\jre\lib\jfr.jar;C:\Program Files\Java\jdk1.7.0_79\jre\classes"/>
    <property name="EXECUTOR_NUMBER" value="1"/>
    <property name="sun.desktop" value="windows"/>
    <property name="PATHEXT" value=".COM;.EXE;.BAT;.CMD;.VBS;.VBE;.JS;.JSE;.WSF;.WSH;.MSC"/>
    <property name="java.vm.specification.vendor" value="Oracle Corporation"/>
    <property name="POM_DISPLAYNAME" value="web"/>
    <property name="NODE_LABELS" value="master"/>
    <property name="TEMP" value="C:\Users\ANNA\AppData\Local\Temp"/>
    <property name="java.runtime.version" value="1.7.0_79-b15"/>
    <property name="user.name" value="ANNA"/>
    <property name="guice.disable.misplaced.annotation.check" value="true"/>
    <property name="CommonProgramW6432" value="C:\Program Files\Common Files"/>
    <property name="ProgramFiles" value="C:\Program Files"/>
    <property name="PROMPT" value="$P$G"/>
    <property name="user.language" value="en"/>
    <property name="BUILD_DISPLAY_NAME" value="#4"/>
    <property name="sun.boot.library.path" value="C:\Program Files\Java\jdk1.7.0_79\jre\bin"/>
    <property name="LOCALAPPDATA" value="C:\Users\ANNA\AppData\Local"/>
    <property name="java.version" value="1.7.0_79"/>
    <property name="PROCESSOR_LEVEL" value="6"/>
    <property name="user.timezone" value="Asia/Calcutta"/>
    <property name="USERNAME" value="ANNA"/>
    <property name="sun.arch.data.model" value="64"/>
    <property name="NODE_NAME" value="master"/>
    <property name="java.endorsed.dirs" value="C:\Program Files\Java\jdk1.7.0_79\jre\lib\endorsed"/>
    <property name="BUILD_ID" value="4"/>
    <property name="sun.cpu.isalist" value="amd64"/>
    <property name="sun.jnu.encoding" value="Cp1252"/>
    <property name="file.encoding.pkg" value="sun.io"/>
    <property name="file.separator" value="\"/>
    <property name="java.specification.name" value="Java Platform API Specification"/>
    <property name="HOMEDRIVE" value="C:"/>
    <property name="java.class.version" value="51.0"/>
    <property name="org.slf4j.simpleLogger.defaultLogLevel" value="info"/>
    <property name="user.country" value="US"/>
    <property name="ALLUSERSPROFILE" value="C:\ProgramData"/>
    <property name="java.home" value="C:\Program Files\Java\jdk1.7.0_79\jre"/>
    <property name="java.vm.info" value="mixed mode"/>
    <property name="os.version" value="6.2"/>
    <property name="=F:" value="F:\"/>
    <property name="POM_VERSION" value="0.0.1-SNAPSHOT"/>
    <property name="TMP" value="C:\Users\ANNA\AppData\Local\Temp"/>
    <property name="path.separator" value=";"/>
    <property name="java.vm.version" value="24.79-b02"/>
    <property name="user.variant" value=""/>
    <property name="CommonProgramFiles(x86)" value="C:\Program Files (x86)\Common Files"/>
    <property name="USERDOMAIN_ROAMINGPROFILE" value="ANNA-PC"/>
    <property name="java.awt.printerjob" value="sun.awt.windows.WPrinterJob"/>
    <property name="FP_NO_HOST_CHECK" value="NO"/>
    <property name="JAVA_HOME" value="C:\Program Files\Java\jdk1.7.0_79"/>
    <property name="sun.io.unicode.encoding" value="UnicodeLittle"/>
    <property name="CommonProgramFiles" value="C:\Program Files\Common Files"/>
    <property name="ComSpec" value="C:\windows\system32\cmd.exe"/>
    <property name="HOMEPATH" value="\Users\ANNA"/>
    <property name="awt.toolkit" value="sun.awt.windows.WToolkit"/>
    <property name="POM_PACKAGING" value="jar"/>
    <property name="COMPUTERNAME" value="ANNA-PC"/>
    <property name="user.script" value=""/>
    <property name="POM_GROUPID" value="WebdriverPro"/>
    <property name="PUBLIC" value="C:\Users\Public"/>
    <property name="user.home" value="C:\Users\ANNA"/>
    <property name="BUILD_TAG" value="jenkins-webdriverProject-4"/>
    <property name="JENKINS_SERVER_COOKIE" value="e44463cc166d01cd"/>
    <property name="=E:" value="E:\"/>
    <property name="HUDSON_URL" value="http://localhost:8080/"/>
    <property name="ProgramData" value="C:\ProgramData"/>
    <property name="java.specification.vendor" value="Oracle Corporation"/>
    <property name="USERPROFILE" value="C:\Users\ANNA"/>
    <property name="CLASSPATH" value=""/>
    <property name="java.vendor.url" value="http://java.oracle.com/"/>
    <property name="java.library.path" value="C:\Program Files\Java\jdk1.7.0_79\bin;C:\windows\Sun\Java\bin;C:\windows\system32;C:\windows;C:\apache-maven-3.3.3/bin;C:\Program Files\Java\jdk1.7.0_79/bin;C:\Program Files\Java\jdk1.7.0_79/bin;C:\Perl\site\bin;C:\Perl\bin;C:\Program Files (x86)\Intel\iCLS Client\;C:\Program Files\Intel\iCLS Client\;C:\windows\system32;C:\windows;C:\windows\System32\Wbem;C:\windows\System32\WindowsPowerShell\v1.0\;C:\Program Files\Intel\Intel(R) Management Engine Components\DAL;C:\Program Files\Intel\Intel(R) Management Engine Components\IPT;C:\Program Files (x86)\Intel\Intel(R) Management Engine Components\DAL;C:\Program Files (x86)\Intel\Intel(R) Management Engine Components\IPT;C:\Program Files (x86)\Windows Live\Shared;C:\apache-maven-3.3.3\bin;C:\Program Files\Java\jdk1.7.0_79\bin;."/>
    <property name="java.vm.vendor" value="Oracle Corporation"/>
    <property name="APPDATA" value="C:\Users\ANNA\AppData\Roaming"/>
    <property name="java.runtime.name" value="Java(TM) SE Runtime Environment"/>
    <property name="maven.home" value="C:\apache-maven-3.3.3"/>
    <property name="java.class.path" value="C:\Users\ANNA\.jenkins\plugins\maven-plugin\WEB-INF\lib\maven31-agent-1.5.jar;C:\apache-maven-3.3.3\boot\plexus-classworlds-2.5.2.jar;C:\apache-maven-3.3.3/conf/logging"/>
    <property name="sun.java.command" value="jenkins.maven3.agent.Maven31Main C:\apache-maven-3.3.3 C:\Users\ANNA\.jenkins\war\WEB-INF\lib\remoting-2.51.jar C:\Users\ANNA\.jenkins\plugins\maven-plugin\WEB-INF\lib\maven31-interceptor-1.5.jar C:\Users\ANNA\.jenkins\plugins\maven-plugin\WEB-INF\lib\maven3-interceptor-commons-1.5.jar 54790"/>
    <property name="Path" value="C:\Program Files\Java\jdk1.7.0_79/bin;C:\Perl\site\bin;C:\Perl\bin;C:\Program Files (x86)\Intel\iCLS Client\;C:\Program Files\Intel\iCLS Client\;C:\windows\system32;C:\windows;C:\windows\System32\Wbem;C:\windows\System32\WindowsPowerShell\v1.0\;C:\Program Files\Intel\Intel(R) Management Engine Components\DAL;C:\Program Files\Intel\Intel(R) Management Engine Components\IPT;C:\Program Files (x86)\Intel\Intel(R) Management Engine Components\DAL;C:\Program Files (x86)\Intel\Intel(R) Management Engine Components\IPT;C:\Program Files (x86)\Windows Live\Shared;C:\apache-maven-3.3.3\bin;C:\Program Files\Java\jdk1.7.0_79\bin"/>
    <property name="java.vm.specification.name" value="Java Virtual Machine Specification"/>
    <property name="PROCESSOR_ARCHITECTURE" value="AMD64"/>
    <property name="PATH+JDK" value="C:\Program Files\Java\jdk1.7.0_79/bin"/>
    <property name="PROCESSOR_IDENTIFIER" value="Intel64 Family 6 Model 58 Stepping 9, GenuineIntel"/>
    <property name="java.vm.specification.version" value="1.7"/>
    <property name="sun.os.patch.level" value=""/>
    <property name="sun.cpu.endian" value="little"/>
    <property name="M2_HOME" value="C:\apache-maven-3.3.3"/>
    <property name="java.io.tmpdir" value="C:\Users\ANNA\AppData\Local\Temp\"/>
    <property name="OS" value="Windows_NT"/>
    <property name="HUDSON_HOME" value="C:\Users\ANNA\.jenkins"/>
    <property name="PATH+MAVEN" value="C:\apache-maven-3.3.3/bin"/>
    <property name="ProgramFiles(x86)" value="C:\Program Files (x86)"/>
    <property name="BUILD_URL" value="http://localhost:8080/job/webdriverProject/4/"/>
    <property name="java.vendor.url.bug" value="http://bugreport.sun.com/bugreport/"/>
    <property name="java.awt.graphicsenv" value="sun.awt.Win32GraphicsEnvironment"/>
    <property name="os.arch" value="amd64"/>
    <property name="SystemRoot" value="C:\windows"/>
    <property name="java.ext.dirs" value="C:\Program Files\Java\jdk1.7.0_79\jre\lib\ext;C:\windows\Sun\Java\lib\ext"/>
    <property name="user.dir" value="C:\Users\ANNA\workspace\web"/>
    <property name="JOB_URL" value="http://localhost:8080/job/webdriverProject/"/>
    <property name="LOGONSERVER" value="\\ANNA-PC"/>
    <property name="USERDOMAIN" value="ANNA-PC"/>
    <property name="line.separator" value="&#10;"/>
    <property name="MAVEN_HOME" value="C:\apache-maven-3.3.3"/>
    <property name="java.vm.name" value="Java HotSpot(TM) 64-Bit Server VM"/>
    <property name="BUILD_NUMBER" value="4"/>
    <property name="JENKINS_URL" value="http://localhost:8080/"/>
    <property name="PROCESSOR_REVISION" value="3a09"/>
    <property name="ProgramW6432" value="C:\Program Files"/>
    <property name="windir" value="C:\windows"/>
    <property name="=C:" value="C:\Windows\System32"/>
    <property name="file.encoding" value="Cp1252"/>
    <property name="SystemDrive" value="C:"/>
    <property name="maven3.interceptor" value="C:\Users\ANNA\.jenkins\plugins\maven-plugin\WEB-INF\lib\maven31-interceptor-1.5.jar"/>
    <property name="WORKSPACE" value="C:\Users\ANNA\.jenkins\workspace\webdriverProject"/>
    <property name="maven3.interceptor.common" value="C:\Users\ANNA\.jenkins\plugins\maven-plugin\WEB-INF\lib\maven3-interceptor-commons-1.5.jar"/>
    <property name="java.specification.version" value="1.7"/>
    <property name="PSModulePath" value="C:\windows\system32\WindowsPowerShell\v1.0\Modules\"/>
  </properties>
  <testcase name="testCase" classname="WebdriverPro.web.Script" time="20.907"/>
</testsuite>